[Licensing::Module] Trying to connect to existing licensing client channel...
Built from '6000.4/staging' branch; Version is '6000.4.0f1 (8cf496087c8f) revision 9237654'; Using compiler version '194234433'; Build Type 'Release'
[Licensing::IpcConnector] Successfully connected to: "LicenseClient-haqiz" at "2026-04-30T15:13:07.9235036Z"
OS: 'Windows 11  (10.0.26200) CoreSingleLanguage' Language: 'en' Physical Memory: 16013 MB
BatchMode: 1, IsHumanControllingUs: 0, StartBugReporterOnCrash: 0, Is64bit: 1
System  architecture: x64
Process architecture: x64
Date: 2026-04-30T15:13:07Z

COMMAND LINE ARGUMENTS:
C:\Program Files\Unity\Hub\Editor\6000.4.0f1\Editor\Unity.exe
-adb2
-batchMode
-noUpm
-name
AssetImportWorker0
-projectPath
D:/develop/ProjectVIRLUX
-logFile
Logs/AssetImportWorker0.log
-srvPort
58429
-licensingIpc
LicenseClient-haqiz
-force-d3d12
-job-worker-count
5
-background-job-worker-count
8
-gc-helper-count
1
-name
AssetImport
Successfully changed project path to: D:/develop/ProjectVIRLUX
D:/develop/ProjectVIRLUX
[UnityMemory] Configuration Parameters - Can be set up in boot.config
    "memorysetup-temp-allocator-size-gi-baking-worker=262144"
    "memorysetup-temp-allocator-size-gi-baking-worker=262144"
    "memorysetup-temp-allocator-size-gi-baking-worker=262144"
    "memorysetup-temp-allocator-size-gi-baking-worker=262144"
    "memorysetup-temp-allocator-size-gi-baking-worker=262144"
    "memorysetup-temp-allocator-size-nav-mesh-worker=65536"
    "memorysetup-temp-allocator-size-audio-worker=65536"
    "memorysetup-temp-allocator-size-cloud-worker=32768"
    "memorysetup-temp-allocator-size-gfx=262144"
    "memorysetup-temp-allocator-size-preload-manager=33554432"
    "memorysetup-temp-allocator-size-job-worker=262144"
    "memorysetup-temp-allocator-size-background-worker=32768"
    "memorysetup-allocator-temp-initial-block-size-main=262144"
    "memorysetup-allocator-temp-initial-block-size-worker=262144"
    "memorysetup-bucket-allocator-granularity=16"
    "memorysetup-bucket-allocator-bucket-count=8"
    "memorysetup-bucket-allocator-block-size=33554432"
    "memorysetup-bucket-allocator-block-count=8"
    "memorysetup-main-allocator-block-size=16777216"
    "memorysetup-thread-allocator-block-size=16777216"
    "memorysetup-gfx-main-allocator-block-size=16777216"
    "memorysetup-gfx-thread-allocator-block-size=16777216"
    "memorysetup-cache-allocator-block-size=4194304"
    "memorysetup-typetree-allocator-block-size=2097152"
    "memorysetup-profiler-bucket-allocator-granularity=16"
    "memorysetup-profiler-bucket-allocator-bucket-count=8"
    "memorysetup-profiler-bucket-allocator-block-size=33554432"
    "memorysetup-profiler-bucket-allocator-block-count=8"
    "memorysetup-profiler-allocator-block-size=16777216"
    "memorysetup-profiler-editor-allocator-block-size=1048576"
    "memorysetup-temp-allocator-size-main=16777216"
    "memorysetup-job-temp-allocator-block-size=2097152"
    "memorysetup-job-temp-allocator-block-size-background=1048576"
    "memorysetup-job-temp-allocator-reduction-small-platforms=262144"
Player connection [16340]  Target information:

Player connection [16340]  * "[IP] 192.168.100.151 [Port] 0 [Flags] 2 [Guid] 3104022917 [EditorId] 3104022917 [Version] 1048832 [Id] WindowsEditor(7,victus-izza) [Debug] 1 [PackageName] WindowsEditor [ProjectName] Editor" 

Player connection [16340] Host joined multi-casting on [225.0.0.222:54997]...
Player connection [16340] Host joined alternative multi-casting on [225.0.0.222:34997]...
JobSystem: Creating JobQueue using job-worker-count value 5
Input System module state changed to: Initialized.
[Physics::Module] Initialized fallback backend.
[Physics::Module] Id: 0xdecafbad
Library Redirect Path: Library/
[Physics::Module] Selected backend.
[Physics::Module] Name: PhysX
[Physics::Module] Id: 0xf2b8ea05
[Physics::Module] SDK Version: 4.1.2
[Physics::Module] Integration Version: 1.0.0
[Physics::Module] Threading Mode: Multi-Threaded
Refreshing native plugins compatible for Editor in 35.90 ms, found 9 plugins.
Initialize engine version: 6000.4.0f1 (8cf496087c8f)
[Subsystems] Discovering subsystems at path C:/Program Files/Unity/Hub/Editor/6000.4.0f1/Editor/Data/Resources/UnitySubsystems
[Subsystems] Discovering subsystems at path D:/develop/ProjectVIRLUX/Assets
Forcing GfxDevice: Direct3D 12
GfxDevice: creating device client; kGfxThreadingModeNonThreaded
d3d12: failed to query info queue interface (0x80004002).
Direct3D:
    Version:         Direct3D 12 [level 12.2]
    Renderer:        NVIDIA GeForce RTX 3050 6GB Laptop GPU (ID=0x25ac)
    Vendor:          NVIDIA
    VRAM:            6001 MB
    App VRAM Budget: 5233 MB
    Driver:          32.0.15.9636
Initialize mono
Mono path[0] = 'C:/Program Files/Unity/Hub/Editor/6000.4.0f1/Editor/Data/Managed'
Mono path[1] = 'C:/Program Files/Unity/Hub/Editor/6000.4.0f1/Editor/Data/MonoBleedingEdge/lib/mono/unityjit-win32'
Mono config path = 'C:/Program Files/Unity/Hub/Editor/6000.4.0f1/Editor/Data/MonoBleedingEdge/etc'
Using monoOptions --debugger-agent=transport=dt_socket,embedding=1,server=y,suspend=n,address=127.0.0.1:56864
CodeReloadManager initialized
Begin MonoManager ReloadAssembly
[Licensing::Client] Error: HandshakeResponse reported an error:
	ResponseCode: 505
	ResponseStatus: Unsupported protocol version '1.18.1'.
[Licensing::Module] Error: Failed to handshake to channel: "LicenseClient-haqiz"
[Licensing::IpcConnector] LicenseClient-haqiz channel disconnected successfully.
[Licensing::IpcConnector] Successfully connected to: "LicenseClient-haqiz-6000.4.0" at "2026-04-30T15:13:09.618477Z"
Registering precompiled unity dll's ...
Register platform support module: C:/Program Files/Unity/Hub/Editor/6000.4.0f1/Editor/Data/PlaybackEngines/WindowsStandaloneSupport/UnityEditor.WindowsStandalone.Extensions.dll
Registered in 0.002778 seconds.
Native extension for WindowsStandalone target not found
Package Manager log level set to [2]
[Package Manager] Failed to launch server process. Reason: Unity was launched with the -noUpm command-line argument
[Package Manager] Unable to send message (not connected to server process).
[Package Manager] Cannot connect to Unity Package Manager local server
ScheduleIndexationOnStartup MainProcess:False IndexOnStartup:True
Mono: successfully reloaded assembly
- Finished resetting the current domain, in  0.714 seconds
Domain Reload Profiling: 1493ms
	BeginReloadAssembly (266ms)
	RebuildCommonClasses (63ms)
	RebuildNativeTypeToScriptingClass (14ms)
	initialDomainReloadingComplete (101ms)
	LoadAllAssembliesAndSetupDomain (333ms)
		LoadAssemblies (261ms)
		AnalyzeDomain (317ms)
			TypeCache.Refresh (314ms)
				TypeCache.ScanAssembly (288ms)
	FinalizeReload (716ms)
		SetupLoadedEditorAssemblies (0ms)
			InitializePlatformSupportModulesInManaged (74ms)
			BeforeProcessingInitializeOnLoad (163ms)
			ProcessInitializeOnLoadAttributes (205ms)
			ProcessInitializeOnLoadMethodAttributes (138ms)
[Licensing::Client] Handshaking with LicensingClient:
  Version:                 1.18.1+9fbee8e
  Session Id:              4febed5ac3374ab1ae5093caea8c79e1
  Correlation Id:          1ac9b43963d35ad2179e19da78a34ccc
  External correlation Id: 181157314560731639
  Machine Id:              Ra2x3I/mRTKlTAu+tcGdpjLkqi4=
[Licensing::Module] Successfully connected to LicensingClient on channel: "LicenseClient-haqiz-6000.4.0" (connect: 0.00s, validation: 0.00s, handshake: 1.43s)
[Licensing::IpcConnector] Successfully connected to: "LicenseClient-haqiz-6000.4.0-notifications" at "2026-04-30T15:13:11.0557241Z"
[Licensing::Module] Licensing Background thread has ended after 3.13s
========================================================================
Worker process is ready to serve import requests
Import Worker Mode flag is 0x00
Begin MonoManager ReloadAssembly
[Licensing::Client] Successfully resolved entitlement details
[Licensing::Module] License group:
  Id: 18968418587038-UnityPersXXXX
  Product: Unity Personal
  Type: Assigned
  Expiration: Unlimited
Assembly Assembly-CSharp-Editor-firstpass.dll at Library/ScriptAssemblies/Assembly-CSharp-Editor-firstpass.dll not valid. Loading of assembly skipped.
Assembly Assembly-CSharp-firstpass.dll at Library/ScriptAssemblies/Assembly-CSharp-firstpass.dll not valid. Loading of assembly skipped.
Assembly DocCodeExamples.dll at Library/ScriptAssemblies/DocCodeExamples.dll not valid. Loading of assembly skipped.
Assembly TestNewCustomAssembly.dll at Library/ScriptAssemblies/TestNewCustomAssembly.dll not valid. Loading of assembly skipped.
Assembly Unity.2D.Sprite.Package.EditorTests.dll at Library/ScriptAssemblies/Unity.2D.Sprite.Package.EditorTests.dll not valid. Loading of assembly skipped.
Assembly Unity.Collections.BurstCompatibilityGen.dll at Library/ScriptAssemblies/Unity.Collections.BurstCompatibilityGen.dll not valid. Loading of assembly skipped.
Assembly Unity.Collections.DocCodeSamples.dll at Library/ScriptAssemblies/Unity.Collections.DocCodeSamples.dll not valid. Loading of assembly skipped.
Assembly Unity.Collections.PerformanceTests.dll at Library/ScriptAssemblies/Unity.Collections.PerformanceTests.dll not valid. Loading of assembly skipped.
Assembly Unity.Collections.Tests.dll at Library/ScriptAssemblies/Unity.Collections.Tests.dll not valid. Loading of assembly skipped.
Assembly Unity.Collections.Tests.Playmode.dll at Library/ScriptAssemblies/Unity.Collections.Tests.Playmode.dll not valid. Loading of assembly skipped.
Assembly Unity.InputSystem.IntegrationTests.dll at Library/ScriptAssemblies/Unity.InputSystem.IntegrationTests.dll not valid. Loading of assembly skipped.
Assembly Unity.Mathematics.Tests.dll at Library/ScriptAssemblies/Unity.Mathematics.Tests.dll not valid. Loading of assembly skipped.
Assembly Unity.Multiplayer.Center.Editor.Tests.dll at Library/ScriptAssemblies/Unity.Multiplayer.Center.Editor.Tests.dll not valid. Loading of assembly skipped.
Assembly Unity.Multiplayer.Center.Tests.dll at Library/ScriptAssemblies/Unity.Multiplayer.Center.Tests.dll not valid. Loading of assembly skipped.
Assembly Unity.Nuget.Mono-Cecil.dll at Library/ScriptAssemblies/Unity.Nuget.Mono-Cecil.dll not valid. Loading of assembly skipped.
Assembly Unity.PathTracing.Editor.Tests.dll at Library/ScriptAssemblies/Unity.PathTracing.Editor.Tests.dll not valid. Loading of assembly skipped.
Assembly Unity.PathTracing.Runtime.Tests.dll at Library/ScriptAssemblies/Unity.PathTracing.Runtime.Tests.dll not valid. Loading of assembly skipped.
Assembly Unity.RenderPipelines.Core.Editor.Tests.dll at Library/ScriptAssemblies/Unity.RenderPipelines.Core.Editor.Tests.dll not valid. Loading of assembly skipped.
Assembly Unity.RenderPipelines.Core.Runtime.Tests.dll at Library/ScriptAssemblies/Unity.RenderPipelines.Core.Runtime.Tests.dll not valid. Loading of assembly skipped.
Assembly Unity.RenderPipelines.Universal.Config.Editor.Tests.dll at Library/ScriptAssemblies/Unity.RenderPipelines.Universal.Config.Editor.Tests.dll not valid. Loading of assembly skipped.
Assembly Unity.RenderPipelines.Universal.Editor.Tests.dll at Library/ScriptAssemblies/Unity.RenderPipelines.Universal.Editor.Tests.dll not valid. Loading of assembly skipped.
Assembly Unity.RenderPipelines.Universal.Runtime.Tests.dll at Library/ScriptAssemblies/Unity.RenderPipelines.Universal.Runtime.Tests.dll not valid. Loading of assembly skipped.
Assembly Unity.Searcher.EditorTests.dll at Library/ScriptAssemblies/Unity.Searcher.EditorTests.dll not valid. Loading of assembly skipped.
Assembly Unity.Settings.Tests.dll at Library/ScriptAssemblies/Unity.Settings.Tests.dll not valid. Loading of assembly skipped.
Assembly Unity.ShaderGraph.Editor.Tests.dll at Library/ScriptAssemblies/Unity.ShaderGraph.Editor.Tests.dll not valid. Loading of assembly skipped.
Assembly Unity.TextMeshPro.Editor.Tests.dll at Library/ScriptAssemblies/Unity.TextMeshPro.Editor.Tests.dll not valid. Loading of assembly skipped.
Assembly Unity.TextMeshPro.Tests.dll at Library/ScriptAssemblies/Unity.TextMeshPro.Tests.dll not valid. Loading of assembly skipped.
Assembly Unity.UnifiedRayTracing.Editor.Tests.dll at Library/ScriptAssemblies/Unity.UnifiedRayTracing.Editor.Tests.dll not valid. Loading of assembly skipped.
Assembly Unity.XR.CoreUtils.CodeSamples.Tests.dll at Library/ScriptAssemblies/Unity.XR.CoreUtils.CodeSamples.Tests.dll not valid. Loading of assembly skipped.
Assembly Unity.XR.CoreUtils.Editor.Tests.dll at Library/ScriptAssemblies/Unity.XR.CoreUtils.Editor.Tests.dll not valid. Loading of assembly skipped.
Assembly Unity.XR.CoreUtils.Tests.dll at Library/ScriptAssemblies/Unity.XR.CoreUtils.Tests.dll not valid. Loading of assembly skipped.
Assembly Unity.XR.Interaction.Toolkit.Editor.Tests.dll at Library/ScriptAssemblies/Unity.XR.Interaction.Toolkit.Editor.Tests.dll not valid. Loading of assembly skipped.
Assembly Unity.XR.Interaction.Toolkit.Tests.dll at Library/ScriptAssemblies/Unity.XR.Interaction.Toolkit.Tests.dll not valid. Loading of assembly skipped.
Assembly Unity.XR.Management.EditorTests.dll at Library/ScriptAssemblies/Unity.XR.Management.EditorTests.dll not valid. Loading of assembly skipped.
Assembly Unity.XR.Management.TestPackage.dll at Library/ScriptAssemblies/Unity.XR.Management.TestPackage.dll not valid. Loading of assembly skipped.
Assembly Unity.XR.Management.TestPackage.Editor.dll at Library/ScriptAssemblies/Unity.XR.Management.TestPackage.Editor.dll not valid. Loading of assembly skipped.
Assembly Unity.XR.Management.Tests.dll at Library/ScriptAssemblies/Unity.XR.Management.Tests.dll not valid. Loading of assembly skipped.
Assembly Unity.XR.Management.Tests.Standalone.dll at Library/ScriptAssemblies/Unity.XR.Management.Tests.Standalone.dll not valid. Loading of assembly skipped.
Assembly Unity.XR.OpenXR.Editor.Tests.dll at Library/ScriptAssemblies/Unity.XR.OpenXR.Editor.Tests.dll not valid. Loading of assembly skipped.
Assembly Unity.XR.OpenXR.Tests.dll at Library/ScriptAssemblies/Unity.XR.OpenXR.Tests.dll not valid. Loading of assembly skipped.
Assembly Unity.XR.OpenXR.Ubuntu.Tests.dll at Library/ScriptAssemblies/Unity.XR.OpenXR.Ubuntu.Tests.dll not valid. Loading of assembly skipped.
Assembly Unity.XR.TestSupport.dll at Library/ScriptAssemblies/Unity.XR.TestSupport.dll not valid. Loading of assembly skipped.
Assembly UnityEditor.UI.Common.Tests.dll at Library/ScriptAssemblies/UnityEditor.UI.Common.Tests.dll not valid. Loading of assembly skipped.
Assembly UnityEditor.UI.EditorTests.dll at Library/ScriptAssemblies/UnityEditor.UI.EditorTests.dll not valid. Loading of assembly skipped.
Assembly UnityEditor.XR.LegacyInputHelpers.Tests.dll at Library/ScriptAssemblies/UnityEditor.XR.LegacyInputHelpers.Tests.dll not valid. Loading of assembly skipped.
Assembly UnityEngine.SpatialTracking.Tests.dll at Library/ScriptAssemblies/UnityEngine.SpatialTracking.Tests.dll not valid. Loading of assembly skipped.
Assembly UnityEngine.UI.Tests.dll at Library/ScriptAssemblies/UnityEngine.UI.Tests.dll not valid. Loading of assembly skipped.
Assembly UnityEngine.XR.OpenXR.CodeSamples.Editor.Tests.dll at Library/ScriptAssemblies/UnityEngine.XR.OpenXR.CodeSamples.Editor.Tests.dll not valid. Loading of assembly skipped.
Refreshing native plugins compatible for Editor in 16.38 ms, found 9 plugins.
Native extension for WindowsStandalone target not found
[Package Manager] Failed to launch server process. Reason: Unity was launched with the -noUpm command-line argument
[Package Manager] Unable to send message (not connected to server process).
[Package Manager] Cannot connect to Unity Package Manager local server
[Package Manager] Failed to launch server process. Reason: Unity was launched with the -noUpm command-line argument
[Package Manager] Unable to send message (not connected to server process).
[Package Manager] Cannot connect to Unity Package Manager local server
[Package Manager] Failed to launch server process. Reason: Unity was launched with the -noUpm command-line argument
[Package Manager] Unable to send message (not connected to server process).
[Package Manager] Cannot connect to Unity Package Manager local server
[MODES] ModeService[none].Initialize
[MODES] ModeService[none].LoadModes
[MODES] Loading mode Default (0) for mode-current-id-Project VIR-LUX
ScheduleIndexationOnStartup MainProcess:False IndexOnStartup:True
Mono: successfully reloaded assembly
[Package Manager] Failed to launch server process. Reason: Unity was launched with the -noUpm command-line argument
[Package Manager] Unable to send message (not connected to server process).
[Package Manager] Cannot connect to Unity Package Manager local server
[Package Manager] Failed to launch server process. Reason: Unity was launched with the -noUpm command-line argument
[Package Manager] Unable to send message (not connected to server process).
[Package Manager] Cannot connect to Unity Package Manager local server
- Finished resetting the current domain, in  1.712 seconds
Domain Reload Profiling: 3132ms
	BeginReloadAssembly (263ms)
		DisableScriptedObjects (7ms)
		CreateAndSetChildDomain (37ms)
	RebuildCommonClasses (73ms)
	RebuildNativeTypeToScriptingClass (13ms)
	initialDomainReloadingComplete (88ms)
	LoadAllAssembliesAndSetupDomain (983ms)
		LoadAssemblies (585ms)
		AnalyzeDomain (555ms)
			TypeCache.Refresh (416ms)
				TypeCache.ScanAssembly (376ms)
			BuildScriptInfoCaches (115ms)
			ResolveRequiredComponents (21ms)
	FinalizeReload (1713ms)
		SetupLoadedEditorAssemblies (0ms)
			InitializePlatformSupportModulesInManaged (3ms)
			BeforeProcessingInitializeOnLoad (249ms)
			ProcessInitializeOnLoadAttributes (640ms)
			ProcessInitializeOnLoadMethodAttributes (344ms)
			AfterProcessingInitializeOnLoad (6ms)
		AwakeInstancesAfterBackupRestoration (11ms)
Launched and connected shader compiler UnityShaderCompiler.exe after 0.05 seconds
Refreshing native plugins compatible for Editor in 10.50 ms, found 9 plugins.
Unloading 25 Unused Serialized files (Serialized files now loaded: 0)
Unloading 8232 unused Assets / (5.9 MB). Loaded Objects now: 9127.
Memory consumption went from 169.2 MB to 163.3 MB.
Total: 22.341600 ms (FindLiveObjects: 1.760500 ms CreateObjectMapping: 0.990300 ms MarkObjects: 13.762600 ms  DeleteObjects: 5.821700 ms)

========================================================================
Received Import Request.
  Time since last request: 18304.593731 seconds.
  path: Assets/Aset Pribadi/Eksperimen 1/Lampu Pijar/source
  importAddress: Guid(576e0ee81f18bbf498eee31cf3c05aa6) Importer(2089858483,b0f066a214c2f5e87bad3c948f4d605d)
Start importing Assets/Aset Pribadi/Eksperimen 1/Lampu Pijar/source using Guid(576e0ee81f18bbf498eee31cf3c05aa6) Importer(2089858483,b0f066a214c2f5e87bad3c948f4d605d) (ScriptedImporter) -> (Import Result ID: 'ca1bca22ccbd3edc1889f758ab3af198') in 0.123498 seconds [static and dynamic dependencies]. Details - ImportResultOutputID=88d091ac4ab40d8795b22dcd83f836bc DependenciesID=9bae091abb62930927257a410a7278bc StaticDependenciesID=bc03366dbea774ecf67a3c6f42684747 
Number of updated asset objects reloaded before import = 0Number of asset objects unloaded after import = 1

========================================================================
Received Import Request.
  Time since last request: 0.000047 seconds.
  path: Assets/Aset Pribadi/Eksperimen 1/detector/textures/red lid skin.png
  importAddress: Guid(66ab53f37ba9148409c3833a4bdf8021) Importer(2089858483,b0f066a214c2f5e87bad3c948f4d605d)
Start importing Assets/Aset Pribadi/Eksperimen 1/detector/textures/red lid skin.png using Guid(66ab53f37ba9148409c3833a4bdf8021) Importer(2089858483,b0f066a214c2f5e87bad3c948f4d605d) (ScriptedImporter) -> (Import Result ID: 'ef3feac27ec284fcc36f836874e51685') in 0.1781458 seconds [static and dynamic dependencies]. Details - ImportResultOutputID=c7e3bd34222c7e2b6d36b978a7c6150f DependenciesID=0d37ea214d34d3829a642090d5959695 StaticDependenciesID=863aca6ada19403141759eca50c34065 
Number of updated asset objects reloaded before import = 0Number of asset objects unloaded after import = 1

========================================================================
Received Import Request.
  Time since last request: 0.000063 seconds.
  path: Assets/Aset Pribadi/Eksperimen 1/detector/textures/detector_main_2_Roughness.png
  importAddress: Guid(91e242f56222bb34f9da1287e50e641a) Importer(2089858483,b0f066a214c2f5e87bad3c948f4d605d)
Start importing Assets/Aset Pribadi/Eksperimen 1/detector/textures/detector_main_2_Roughness.png using Guid(91e242f56222bb34f9da1287e50e641a) Importer(2089858483,b0f066a214c2f5e87bad3c948f4d605d) (ScriptedImporter) -> (Import Result ID: 'ca4e74921823ff58f81f908ccf9c1309') in 0.0349147 seconds [static and dynamic dependencies]. Details - ImportResultOutputID=634e598ea964d507d8e115649f5013b6 DependenciesID=9c72308e536e29e2441577edd84c3fe1 StaticDependenciesID=48178c9fb6908c050109b42ed26d7ef6 
Number of updated asset objects reloaded before import = 0Number of asset objects unloaded after import = 1

========================================================================
Received Import Request.
  Time since last request: 0.000036 seconds.
  path: Assets/Aset Pribadi/Eksperimen 1/detector/textures/detector_lightbuld_footing_Roughness.png
  importAddress: Guid(34a18c2db563c10478a18c0473a90e96) Importer(2089858483,b0f066a214c2f5e87bad3c948f4d605d)
Start importing Assets/Aset Pribadi/Eksperimen 1/detector/textures/detector_lightbuld_footing_Roughness.png using Guid(34a18c2db563c10478a18c0473a90e96) Importer(2089858483,b0f066a214c2f5e87bad3c948f4d605d) (ScriptedImporter) -> (Import Result ID: '02d5c4c39bfcec4eee0fab34be75193d') in 0.0408831 seconds [static and dynamic dependencies]. Details - ImportResultOutputID=7df65d80a0aeb547fe2715042e989220 DependenciesID=d479091d24e27bc62e3d44f4f9f549df StaticDependenciesID=0e61376d29fbc67fa89e237c8bfa6b23 
Number of updated asset objects reloaded before import = 0Number of asset objects unloaded after import = 1

========================================================================
Received Import Request.
  Time since last request: 0.000048 seconds.
  path: Assets/Aset Pribadi/Eksperimen 1/detector/textures/detector_tube_Roughness.png
  importAddress: Guid(7e60aa927cb4520488500109307159cc) Importer(2089858483,b0f066a214c2f5e87bad3c948f4d605d)
Start importing Assets/Aset Pribadi/Eksperimen 1/detector/textures/detector_tube_Roughness.png using Guid(7e60aa927cb4520488500109307159cc) Importer(2089858483,b0f066a214c2f5e87bad3c948f4d605d) (ScriptedImporter) -> (Import Result ID: 'ce1505a1fd0f529f3a2b51817290c5dc') in 0.0371193 seconds [static and dynamic dependencies]. Details - ImportResultOutputID=1840fd7e495ac3104bf554cd90f826a6 DependenciesID=1ed0fc4041cbafaf4afc54ca434d8101 StaticDependenciesID=044c2fc977e8c4cd60247b451fea8cde 
Number of updated asset objects reloaded before import = 0Number of asset objects unloaded after import = 1

========================================================================
Received Import Request.
  Time since last request: 0.000064 seconds.
  path: Assets/Aset Pribadi/Eksperimen 1/detector/textures/tube skin.png
  importAddress: Guid(29e45dfec774f0c478349a1cb2c29b5b) Importer(2089858483,b0f066a214c2f5e87bad3c948f4d605d)
Start importing Assets/Aset Pribadi/Eksperimen 1/detector/textures/tube skin.png using Guid(29e45dfec774f0c478349a1cb2c29b5b) Importer(2089858483,b0f066a214c2f5e87bad3c948f4d605d) (ScriptedImporter) -> (Import Result ID: 'c5985f62726038fa68c9aa5a36d1b671') in 0.0402333 seconds [static and dynamic dependencies]. Details - ImportResultOutputID=b115e1ca7e54f71fd4dad44a49a081f6 DependenciesID=751047ec1ea4523251e9370fcc60c0a0 StaticDependenciesID=01dd41f0f2e2e1eef6e7ae408c10e741 
Number of updated asset objects reloaded before import = 0Number of asset objects unloaded after import = 1

========================================================================
Received Import Request.
  Time since last request: 0.000028 seconds.
  path: Assets/Aset Pribadi/Eksperimen 1/Lampu Pijar/textures/alpha.jpg
  importAddress: Guid(95d16c342f060a74e97fcc4450fa2836) Importer(2089858483,b0f066a214c2f5e87bad3c948f4d605d)
Start importing Assets/Aset Pribadi/Eksperimen 1/Lampu Pijar/textures/alpha.jpg using Guid(95d16c342f060a74e97fcc4450fa2836) Importer(2089858483,b0f066a214c2f5e87bad3c948f4d605d) (ScriptedImporter) -> (Import Result ID: 'a6a6c936d4f2dbc2d34924b6e668d1b7') in 0.042853 seconds [static and dynamic dependencies]. Details - ImportResultOutputID=c71758bfe651cee4c4423a3e8baa7873 DependenciesID=ca97e2ac63990e2a617108c838214155 StaticDependenciesID=cefaca0829eb9e95116a8ef3e9d50f7d 
Number of updated asset objects reloaded before import = 0Number of asset objects unloaded after import = 1

========================================================================
Received Import Request.
  Time since last request: 0.000044 seconds.
  path: Assets/Aset Pribadi/Eksperimen 1/detector/textures/footing skin.png
  importAddress: Guid(e6122ea9eae4f8c4e8685b0c6e0be541) Importer(2089858483,b0f066a214c2f5e87bad3c948f4d605d)
Start importing Assets/Aset Pribadi/Eksperimen 1/detector/textures/footing skin.png using Guid(e6122ea9eae4f8c4e8685b0c6e0be541) Importer(2089858483,b0f066a214c2f5e87bad3c948f4d605d) (ScriptedImporter) -> (Import Result ID: 'a93950cd31bc58147cb004fa0c1c4cf7') in 0.0351014 seconds [static and dynamic dependencies]. Details - ImportResultOutputID=9e5b2f3f3033fe66d5fc692af438f745 DependenciesID=3f92bb0073bfba17b9cdf9df64a54501 StaticDependenciesID=402770f1c3bb54cc5ef9d79a31c0d615 
Number of updated asset objects reloaded before import = 0Number of asset objects unloaded after import = 1

========================================================================
Received Import Request.
  Time since last request: 0.000081 seconds.
  path: Assets/Aset Pribadi/Eksperimen 1/detector/textures/detector_metal_Roughness.png
  importAddress: Guid(1b8de3959e958ea46b81eb79ac1b6d0b) Importer(2089858483,b0f066a214c2f5e87bad3c948f4d605d)
Start importing Assets/Aset Pribadi/Eksperimen 1/detector/textures/detector_metal_Roughness.png using Guid(1b8de3959e958ea46b81eb79ac1b6d0b) Importer(2089858483,b0f066a214c2f5e87bad3c948f4d605d) (ScriptedImporter) -> (Import Result ID: '7599b9ccce03a475aa3ad6988542038a') in 0.0391856 seconds [static and dynamic dependencies]. Details - ImportResultOutputID=132803092f1eb12e61afdc53e09ea525 DependenciesID=ad7518825aa02b00e08d3d04abb28fef StaticDependenciesID=7cd08398b1c062744f983e0b42f8a2cc 
Number of updated asset objects reloaded before import = 0Number of asset objects unloaded after import = 1

========================================================================
Received Import Request.
  Time since last request: 0.000043 seconds.
  path: Assets/Aset Pribadi/Eksperimen 1/Lampu Pijar
  importAddress: Guid(53fb1203b83dbdf42b34c18e29c56d86) Importer(2089858483,b0f066a214c2f5e87bad3c948f4d605d)
Start importing Assets/Aset Pribadi/Eksperimen 1/Lampu Pijar using Guid(53fb1203b83dbdf42b34c18e29c56d86) Importer(2089858483,b0f066a214c2f5e87bad3c948f4d605d) (ScriptedImporter) -> (Import Result ID: 'ef56634a64ce4b42aec93db6b1fa2441') in 0.0357351 seconds [static and dynamic dependencies]. Details - ImportResultOutputID=ef7bed88554ffb471e9ce67e55214b3d DependenciesID=aa6ffa6ee2db9bcf5308a95eadd78cee StaticDependenciesID=01d4a36f31b742e4d1523460c4969077 
Number of updated asset objects reloaded before import = 0Number of asset objects unloaded after import = 1

========================================================================
Received Import Request.
  Time since last request: 0.000051 seconds.
  path: Assets/Aset Pribadi/Eksperimen 1/Script_E1/KarakteristikDataPanelController.cs
  importAddress: Guid(97002717877e8924c9f9363a5a9889f2) Importer(2089858483,b0f066a214c2f5e87bad3c948f4d605d)
Start importing Assets/Aset Pribadi/Eksperimen 1/Script_E1/KarakteristikDataPanelController.cs using Guid(97002717877e8924c9f9363a5a9889f2) Importer(2089858483,b0f066a214c2f5e87bad3c948f4d605d) (ScriptedImporter) -> (Import Result ID: '6dd530093073ed64f5451d89a39112a7') in 0.0418381 seconds [static and dynamic dependencies]. Details - ImportResultOutputID=77228d073fe8e57aea8b74b2b50b4ce0 DependenciesID=16907783e53ae696eb6864aa319aa2bf StaticDependenciesID=64f1c1bf1ac923ddcb53bd929afe82f6 
Number of updated asset objects reloaded before import = 0Number of asset objects unloaded after import = 0

========================================================================
Received Import Request.
  Time since last request: 0.000065 seconds.
  path: Assets/Aset Pribadi/Eksperimen 1/detector/textures/detector_tube_Normal.png
  importAddress: Guid(ea9927eee344b204ea62ad8ab562ed26) Importer(2089858483,b0f066a214c2f5e87bad3c948f4d605d)
Start importing Assets/Aset Pribadi/Eksperimen 1/detector/textures/detector_tube_Normal.png using Guid(ea9927eee344b204ea62ad8ab562ed26) Importer(2089858483,b0f066a214c2f5e87bad3c948f4d605d) (ScriptedImporter) -> (Import Result ID: 'f71375410269a42792b19694c17dbbc2') in 0.0386636 seconds [static and dynamic dependencies]. Details - ImportResultOutputID=9358b0df64dec419beb974b042c1d62f DependenciesID=13d2338e4014c655e1682f6eaf6f0cdc StaticDependenciesID=58377dab23bc35e21c13c88e528ebf2f 
Number of updated asset objects reloaded before import = 0Number of asset objects unloaded after import = 1

========================================================================
Received Import Request.
  Time since last request: 0.000031 seconds.
  path: Assets/Aset Pribadi/Eksperimen 1/detector/textures/detector_main_Roughness.png
  importAddress: Guid(e8526d856914fc748afc8ca12b88b48a) Importer(2089858483,b0f066a214c2f5e87bad3c948f4d605d)
Start importing Assets/Aset Pribadi/Eksperimen 1/detector/textures/detector_main_Roughness.png using Guid(e8526d856914fc748afc8ca12b88b48a) Importer(2089858483,b0f066a214c2f5e87bad3c948f4d605d) (ScriptedImporter) -> (Import Result ID: 'e6352cab5b290a7de031fe7841a0adec') in 0.0329046 seconds [static and dynamic dependencies]. Details - ImportResultOutputID=1ceedbf9661501b704427cac6f699e42 DependenciesID=c7459d9c664debcb21f9116cbdd57928 StaticDependenciesID=b68347659023bb180185b0d65d928776 
Number of updated asset objects reloaded before import = 0Number of asset objects unloaded after import = 1

========================================================================
Received Import Request.
  Time since last request: 0.000030 seconds.
  path: Assets/Aset Pribadi/Eksperimen 1/detector/textures/detector_transparant_tube_Normal.png
  importAddress: Guid(5a0d3ad1fee8d68468d790f152609f6d) Importer(2089858483,b0f066a214c2f5e87bad3c948f4d605d)
Start importing Assets/Aset Pribadi/Eksperimen 1/detector/textures/detector_transparant_tube_Normal.png using Guid(5a0d3ad1fee8d68468d790f152609f6d) Importer(2089858483,b0f066a214c2f5e87bad3c948f4d605d) (ScriptedImporter) -> (Import Result ID: 'a7da210f5052861ff8a7c9ad2b7f20f2') in 0.0329582 seconds [static and dynamic dependencies]. Details - ImportResultOutputID=9a0841765c770107ad8f50a3107c4cec DependenciesID=82294b2fcb1975344355eb47770a8850 StaticDependenciesID=b60413d25d0ad209a446bb1cf2f76328 
Number of updated asset objects reloaded before import = 0Number of asset objects unloaded after import = 1

========================================================================
Received Import Request.
  Time since last request: 0.000032 seconds.
  path: Assets/Aset Pribadi/Eksperimen 1/detector/textures/detector_main_Normal.png
  importAddress: Guid(13e3ad23033df1a4daed53fe6b08c55d) Importer(2089858483,b0f066a214c2f5e87bad3c948f4d605d)
Start importing Assets/Aset Pribadi/Eksperimen 1/detector/textures/detector_main_Normal.png using Guid(13e3ad23033df1a4daed53fe6b08c55d) Importer(2089858483,b0f066a214c2f5e87bad3c948f4d605d) (ScriptedImporter) -> (Import Result ID: 'a77699868a3fb11d9dd234a18091eb0e') in 0.0400651 seconds [static and dynamic dependencies]. Details - ImportResultOutputID=b7708b6265e2dfd0c1d89ed8780023f8 DependenciesID=b2285d6765bcf935b18e7b9faa09604c StaticDependenciesID=dfceb6ff440f0d1c2adb8d15f9f5ebde 
Number of updated asset objects reloaded before import = 0Number of asset objects unloaded after import = 1

========================================================================
Received Import Request.
  Time since last request: 0.000059 seconds.
  path: Assets/Aset Pribadi/Eksperimen 1/detector/textures
  importAddress: Guid(1c03198511eeec445b1e4d40d56076c0) Importer(2089858483,b0f066a214c2f5e87bad3c948f4d605d)
Start importing Assets/Aset Pribadi/Eksperimen 1/detector/textures using Guid(1c03198511eeec445b1e4d40d56076c0) Importer(2089858483,b0f066a214c2f5e87bad3c948f4d605d) (ScriptedImporter) -> (Import Result ID: '1a2b09ffc59fef11a73db550de9f30d6') in 0.0207292 seconds [static and dynamic dependencies]. Details - ImportResultOutputID=2f972f52a12b8b4703b2651e5ef47b7e DependenciesID=1e20315d9c329eb026ca361a7d7170af StaticDependenciesID=d2e3a4026aabd35cd1e86edb147bd21c 
Number of updated asset objects reloaded before import = 0Number of asset objects unloaded after import = 1

========================================================================
Received Import Request.
  Time since last request: 0.000023 seconds.
  path: Assets/Aset Pribadi/Eksperimen 1/detector
  importAddress: Guid(d4b65c21697580947b82228780f4ca6a) Importer(2089858483,b0f066a214c2f5e87bad3c948f4d605d)
Start importing Assets/Aset Pribadi/Eksperimen 1/detector using Guid(d4b65c21697580947b82228780f4ca6a) Importer(2089858483,b0f066a214c2f5e87bad3c948f4d605d) (ScriptedImporter) -> (Import Result ID: '879d243efaf6b23da55573116635f87c') in 0.0208208 seconds [static and dynamic dependencies]. Details - ImportResultOutputID=d8079ac05ed1f083989b1074c95f0296 DependenciesID=216e006bc1137bf5cc1598ab6886838e StaticDependenciesID=ace50aaac9f0e83746af2a8933925471 
Number of updated asset objects reloaded before import = 0Number of asset objects unloaded after import = 1

========================================================================
Received Import Request.
  Time since last request: 0.000022 seconds.
  path: Assets/Aset Pribadi/Eksperimen 1/Script_E1/KarakteristikLampuPijarController.cs
  importAddress: Guid(94948ea1c95dc224293b60bd597ddecd) Importer(2089858483,b0f066a214c2f5e87bad3c948f4d605d)
Start importing Assets/Aset Pribadi/Eksperimen 1/Script_E1/KarakteristikLampuPijarController.cs using Guid(94948ea1c95dc224293b60bd597ddecd) Importer(2089858483,b0f066a214c2f5e87bad3c948f4d605d) (ScriptedImporter) -> (Import Result ID: '1fbaed68d4e22e4f6f57a4d735760cb2') in 0.0222009 seconds [static and dynamic dependencies]. Details - ImportResultOutputID=6d4a92cf8f3103e5acc70bd3da8eca4d DependenciesID=5731852604997712062dbfc07bbe1e71 StaticDependenciesID=703c346cbbc796bf046c4aa2b15a4ec9 
Number of updated asset objects reloaded before import = 0Number of asset objects unloaded after import = 0

========================================================================
Received Import Request.
  Time since last request: 0.000032 seconds.
  path: Assets/Aset Pribadi/Eksperimen 1/detector/textures/detector_lightbuld_Roughness.png
  importAddress: Guid(7bff398adc76a784896fbab98578a8b2) Importer(2089858483,b0f066a214c2f5e87bad3c948f4d605d)
Start importing Assets/Aset Pribadi/Eksperimen 1/detector/textures/detector_lightbuld_Roughness.png using Guid(7bff398adc76a784896fbab98578a8b2) Importer(2089858483,b0f066a214c2f5e87bad3c948f4d605d) (ScriptedImporter) -> (Import Result ID: '08ea9e8349454949848a69c821effdee') in 0.0309081 seconds [static and dynamic dependencies]. Details - ImportResultOutputID=fda19773c54415e2f17cecf836ad4922 DependenciesID=579d4f58d942dd0715d97391a0325c22 StaticDependenciesID=d60d39c0671dd4bc4b945cc4f5a85207 
Number of updated asset objects reloaded before import = 0Number of asset objects unloaded after import = 1

========================================================================
Received Import Request.
  Time since last request: 0.000057 seconds.
  path: Assets/Aset Pribadi/Eksperimen 1/detector/textures/lightbuld footing skin.png
  importAddress: Guid(493f43eab23b52a4d957bb76d774b5d8) Importer(2089858483,b0f066a214c2f5e87bad3c948f4d605d)
Start importing Assets/Aset Pribadi/Eksperimen 1/detector/textures/lightbuld footing skin.png using Guid(493f43eab23b52a4d957bb76d774b5d8) Importer(2089858483,b0f066a214c2f5e87bad3c948f4d605d) (ScriptedImporter) -> (Import Result ID: '1212ebd29376e08a73d05406e9505b53') in 0.0300944 seconds [static and dynamic dependencies]. Details - ImportResultOutputID=18e69ca7388fa832ed505dd9b489a154 DependenciesID=c03a9edf8f8f1310eea06956055c2037 StaticDependenciesID=fb3ca1b7ceb6c57e0eacfaaa797ac57e 
Number of updated asset objects reloaded before import = 0Number of asset objects unloaded after import = 1

========================================================================
Received Import Request.
  Time since last request: 0.000027 seconds.
  path: Assets/Aset Pribadi/Eksperimen 1/Lampu Pijar/source/Pijakan Lampu/source
  importAddress: Guid(88c0584b462bc52418da4b98e95c32cb) Importer(2089858483,b0f066a214c2f5e87bad3c948f4d605d)
Start importing Assets/Aset Pribadi/Eksperimen 1/Lampu Pijar/source/Pijakan Lampu/source using Guid(88c0584b462bc52418da4b98e95c32cb) Importer(2089858483,b0f066a214c2f5e87bad3c948f4d605d) (ScriptedImporter) -> (Import Result ID: '2da80b99ffdad9a0a3950c18e3ef4bea') in 0.0217229 seconds [static and dynamic dependencies]. Details - ImportResultOutputID=065b3ff53bfce1e42df1ada1f0ab88cf DependenciesID=f357d930861dc152d42dd3a8a3cf38c8 StaticDependenciesID=72883016f577503831b2126ec85203a8 
Number of updated asset objects reloaded before import = 0Number of asset objects unloaded after import = 1

========================================================================
Received Import Request.
  Time since last request: 0.000037 seconds.
  path: Assets/Aset Pribadi/Eksperimen 1/Script_E1/KarakteristikAlarmController.cs
  importAddress: Guid(a9557ac9f4a20c04c93a0886dc2e186f) Importer(2089858483,b0f066a214c2f5e87bad3c948f4d605d)
Start importing Assets/Aset Pribadi/Eksperimen 1/Script_E1/KarakteristikAlarmController.cs using Guid(a9557ac9f4a20c04c93a0886dc2e186f) Importer(2089858483,b0f066a214c2f5e87bad3c948f4d605d) (ScriptedImporter) -> (Import Result ID: 'e6e6b6e25d5f10c5c12e64449c42d6df') in 0.0225621 seconds [static and dynamic dependencies]. Details - ImportResultOutputID=1087509e3621d8215f12f2821339dbef DependenciesID=6872b2c107833f83d3683db3e03fd77a StaticDependenciesID=343bac0294f538c187d6651a7eb101ce 
Number of updated asset objects reloaded before import = 0Number of asset objects unloaded after import = 0

========================================================================
Received Import Request.
  Time since last request: 0.000036 seconds.
  path: Assets/Aset Pribadi/Eksperimen 1/Script_E1/KarakteristikVacuumPumpController.cs
  importAddress: Guid(d7627fc0269d6254fb3a16670b2cd04c) Importer(2089858483,b0f066a214c2f5e87bad3c948f4d605d)
Start importing Assets/Aset Pribadi/Eksperimen 1/Script_E1/KarakteristikVacuumPumpController.cs using Guid(d7627fc0269d6254fb3a16670b2cd04c) Importer(2089858483,b0f066a214c2f5e87bad3c948f4d605d) (ScriptedImporter) -> (Import Result ID: '79fea2bb7499eaf297caf2e39aa61cf6') in 0.0286467 seconds [static and dynamic dependencies]. Details - ImportResultOutputID=4f1e772a8cfadd786fa1b337719d5a2c DependenciesID=1643ca1861f3d786d68d0794a519517b StaticDependenciesID=a680c7fc0b554e624918e3a4c16f1143 
Number of updated asset objects reloaded before import = 0Number of asset objects unloaded after import = 0

========================================================================
Received Import Request.
  Time since last request: 0.000051 seconds.
  path: Assets/Aset Pribadi/Eksperimen 1/detector/textures/detector_footing_Roughness.png
  importAddress: Guid(9cd3e1645ebade64ebe331328b968be8) Importer(2089858483,b0f066a214c2f5e87bad3c948f4d605d)
Start importing Assets/Aset Pribadi/Eksperimen 1/detector/textures/detector_footing_Roughness.png using Guid(9cd3e1645ebade64ebe331328b968be8) Importer(2089858483,b0f066a214c2f5e87bad3c948f4d605d) (ScriptedImporter) -> (Import Result ID: '02f25e69498e9312b3546ade43e27a0b') in 0.0286145 seconds [static and dynamic dependencies]. Details - ImportResultOutputID=d49dd8572c0fbacf1039e4c705cbef0c DependenciesID=8c7e70fa0910a6f0c78ac2c9fea51eeb StaticDependenciesID=9683573dca26094fbb9e0da346436885 
Number of updated asset objects reloaded before import = 0Number of asset objects unloaded after import = 1

========================================================================
Received Import Request.
  Time since last request: 0.000032 seconds.
  path: Assets/Aset Pribadi/Eksperimen 1/detector/textures/detector_main_2_Normal.png
  importAddress: Guid(08f9d174e4d73394a97b9ae55756c447) Importer(2089858483,b0f066a214c2f5e87bad3c948f4d605d)
Start importing Assets/Aset Pribadi/Eksperimen 1/detector/textures/detector_main_2_Normal.png using Guid(08f9d174e4d73394a97b9ae55756c447) Importer(2089858483,b0f066a214c2f5e87bad3c948f4d605d) (ScriptedImporter) -> (Import Result ID: '661d8883338945ac30e80365eaacf0d6') in 0.0305974 seconds [static and dynamic dependencies]. Details - ImportResultOutputID=f2fd194de679206dd829c367ff6c9866 DependenciesID=6b14a22610cd5915bb76b4b8976e0b19 StaticDependenciesID=2e7e8e62c6d6500995089bc9c2162952 
Number of updated asset objects reloaded before import = 0Number of asset objects unloaded after import = 1

========================================================================
Received Import Request.
  Time since last request: 0.000052 seconds.
  path: Assets/Aset Pribadi/Eksperimen 1/Lampu Pijar/source/Pijakan Lampu/textures/diffuse.jpg
  importAddress: Guid(e1428180432d940499440345ec057f28) Importer(2089858483,b0f066a214c2f5e87bad3c948f4d605d)
Start importing Assets/Aset Pribadi/Eksperimen 1/Lampu Pijar/source/Pijakan Lampu/textures/diffuse.jpg using Guid(e1428180432d940499440345ec057f28) Importer(2089858483,b0f066a214c2f5e87bad3c948f4d605d) (ScriptedImporter) -> (Import Result ID: 'e630157fb2119fe7265b1364f8d9dca7') in 0.0279319 seconds [static and dynamic dependencies]. Details - ImportResultOutputID=086ebc866a20e0275681ee5ef706e4ed DependenciesID=987db160b4aad099532afe139dc29c76 StaticDependenciesID=b621ebaf226bffd744f05dcfa941abb6 
Number of updated asset objects reloaded before import = 0Number of asset objects unloaded after import = 1

========================================================================
Received Import Request.
  Time since last request: 0.000029 seconds.
  path: Assets/Aset Pribadi/Eksperimen 1/detector/textures/main skin.png
  importAddress: Guid(158c3907284098a4ea3899e7bd0d17af) Importer(2089858483,b0f066a214c2f5e87bad3c948f4d605d)
Start importing Assets/Aset Pribadi/Eksperimen 1/detector/textures/main skin.png using Guid(158c3907284098a4ea3899e7bd0d17af) Importer(2089858483,b0f066a214c2f5e87bad3c948f4d605d) (ScriptedImporter) -> (Import Result ID: '2b473678a7291e48ff8c260c234b7a99') in 0.0307202 seconds [static and dynamic dependencies]. Details - ImportResultOutputID=c31d993b487297577eb137b5aac4c7ff DependenciesID=e5361ab70e0ba6987c200738deaad824 StaticDependenciesID=dea654e768b062e59104ca8abed2afd0 
Number of updated asset objects reloaded before import = 0Number of asset objects unloaded after import = 1

========================================================================
Received Import Request.
  Time since last request: 0.000049 seconds.
  path: Assets/Aset Pribadi/Eksperimen 4/Script/WhiteLaserEmitter.cs
  importAddress: Guid(e817788eddbb3344889481d3e1272149) Importer(2089858483,b0f066a214c2f5e87bad3c948f4d605d)
Start importing Assets/Aset Pribadi/Eksperimen 4/Script/WhiteLaserEmitter.cs using Guid(e817788eddbb3344889481d3e1272149) Importer(2089858483,b0f066a214c2f5e87bad3c948f4d605d) (ScriptedImporter) -> (Import Result ID: 'ee647ea2372380995e0ebe3f6bc9bb94') in 0.0236619 seconds [static and dynamic dependencies]. Details - ImportResultOutputID=2c2a97e1792d5400feb062a89143e3ee DependenciesID=da3b0a4ed85b097da5b51f12321b2692 StaticDependenciesID=b2ddd9e6d3a9831736733570e1617c1a 
Number of updated asset objects reloaded before import = 0Number of asset objects unloaded after import = 0

========================================================================
Received Import Request.
  Time since last request: 0.000027 seconds.
  path: Assets/Aset Pribadi/Eksperimen 6/Script/DSE_BeamAfterSlit.cs
  importAddress: Guid(2a294aca4381ad748afc4bc26f07c60f) Importer(2089858483,b0f066a214c2f5e87bad3c948f4d605d)
Start importing Assets/Aset Pribadi/Eksperimen 6/Script/DSE_BeamAfterSlit.cs using Guid(2a294aca4381ad748afc4bc26f07c60f) Importer(2089858483,b0f066a214c2f5e87bad3c948f4d605d) (ScriptedImporter) -> (Import Result ID: '323f1a2d9713135668289aeee64c1edc') in 0.023744 seconds [static and dynamic dependencies]. Details - ImportResultOutputID=485998759f810c23aadd2db9a0035333 DependenciesID=5eedb5dcafde182092ec95cb4a79d437 StaticDependenciesID=fad99eb83a31617efe78bf95246d98be 
Number of updated asset objects reloaded before import = 0Number of asset objects unloaded after import = 0

========================================================================
Received Import Request.
  Time since last request: 0.000038 seconds.
  path: Assets/Aset Pribadi/Eksperimen 1/Lampu Pijar/textures/roughness.jpg
  importAddress: Guid(a9a92f6efb1c2ce429948548f6ec5449) Importer(2089858483,b0f066a214c2f5e87bad3c948f4d605d)
Start importing Assets/Aset Pribadi/Eksperimen 1/Lampu Pijar/textures/roughness.jpg using Guid(a9a92f6efb1c2ce429948548f6ec5449) Importer(2089858483,b0f066a214c2f5e87bad3c948f4d605d) (ScriptedImporter) -> (Import Result ID: '562e842c43e97c392cc5ea125ce666b5') in 0.0345861 seconds [static and dynamic dependencies]. Details - ImportResultOutputID=4705a65099d7a37dd2d782e76b339509 DependenciesID=e6a8f29a0001c465d994ba79d668f4e1 StaticDependenciesID=f69edc2e3a3dd978a329ea91546c5c8d 
Number of updated asset objects reloaded before import = 0Number of asset objects unloaded after import = 1

========================================================================
Received Import Request.
  Time since last request: 0.000030 seconds.
  path: Assets/Aset Pribadi/Eksperimen 6/Script/DSE_UIManager.cs
  importAddress: Guid(06da03b4b3dd19640b9a84f32cf966c3) Importer(2089858483,b0f066a214c2f5e87bad3c948f4d605d)
Start importing Assets/Aset Pribadi/Eksperimen 6/Script/DSE_UIManager.cs using Guid(06da03b4b3dd19640b9a84f32cf966c3) Importer(2089858483,b0f066a214c2f5e87bad3c948f4d605d) (ScriptedImporter) -> (Import Result ID: '81118c455b5333df08f24139ef812d5b') in 0.0291493 seconds [static and dynamic dependencies]. Details - ImportResultOutputID=19ce1002b96a43cc300c707ff9c5a24e DependenciesID=30c6f3152959d5e974f509ff614e1018 StaticDependenciesID=3835da83df004cac58eae6cb204c04aa 
Number of updated asset objects reloaded before import = 0Number of asset objects unloaded after import = 0

Editor requested this worker to shutdown with reason: Scaling down because of idle timeout
AssetImportWorker is now disconnected from the server
Process exiting
Exiting without the bug reporter. Application will terminate with return code 0